[2025-11-29 00:53:52] ==== СТАРТ СИМУЛЯЦИИ ====
[2025-11-29 00:56:41] ==== СТАРТ СИМУЛЯЦИИ ====
[2025-11-29 01:02:17] ==== СТАРТ СИМУЛЯЦИИ ====
[2025-11-29 01:02:17] [Шаг 0] ADD: [828] Аркадий Стругацкий - "Ася" (жанр: фэнтези, ISBN: 939477-895601)
[2025-11-29 01:02:17] [Шаг 1] ADD: [576] Эрих Мария Ремарк - "Обломов" (жанр: учебник, ISBN: 748411583183-)
[2025-11-29 01:02:17] [Шаг 2] ADD: [FICTION] [1083] Роберт Мартин - "Мастер и Маргарита" (жанр: история, ISBN: 0983423818441) (возрастное ограничение: 13+)
[2025-11-29 01:02:17] [Шаг 3] ADD: [FICTION] [1359] Фёдор Достоевский - "Гарри Поттер и философский камень" (жанр: роман, ISBN: -272976060239) (возрастное ограничение: 15+)
[2025-11-29 01:02:17] [Шаг 4] ADD: [SCIENCE] [1189] Роберт Мартин - "Обломов" (жанр: роман, ISBN: 6970446403026) (область науки: history)
[2025-11-29 01:02:17] [Шаг 5] ADD: [FICTION] [1040] Роберт Мартин - "Обломов" (жанр: история, ISBN: 4497-7288-740) (возрастное ограничение: 9+)
[2025-11-29 01:02:17] [Шаг 6] ADD: [SCIENCE] [164] Роберт Мартин - "Ася" (жанр: учебник, ISBN: 2957315852879) (область науки: history)
[2025-11-29 01:02:17] [Шаг 7] ADD: [FICTION] [166] Роберт Мартин - "Гарри Поттер и философский камень" (жанр: драма, ISBN: 3610472942160) (возрастное ограничение: 7+)
[2025-11-29 01:02:17] [Шаг 8] ADD: [FICTION] [427] Иван Тургенев - "Трудно быть богом" (жанр: драма, ISBN: 883591737250-) (возрастное ограничение: 6+)
[2025-11-29 01:02:17] [Шаг 9] ADD: [FICTION] [1609] Александр Грибоедов - "Мастер и Маргарита" (жанр: учебник, ISBN: 611846-0600-2) (возрастное ограничение: 5+)
[2025-11-29 01:02:17] [Шаг 10] ADD: [SCIENCE] [1814] Иван Тургенев - "Три товарища" (жанр: роман, ISBN: 6281182-814--) (область науки: math)
[2025-11-29 01:02:17] [Шаг 11] FIND_INVALID_YEAR [3496]
[2025-11-29 01:02:17] [Шаг 11] Год должен быть от 0 до 2026.
[2025-11-29 01:02:17] [Шаг 12] FIND_BY_AUTHOR [Роберт Мартин]: [[FICTION] [1083] Роберт Мартин - "Мастер и Маргарита" (жанр: история, ISBN: 0983423818441) (возрастное ограничение: 13+), [SCIENCE] [1189] Роберт Мартин - "Обломов" (жанр: роман, ISBN: 6970446403026) (область науки: history), [FICTION] [1040] Роберт Мартин - "Обломов" (жанр: история, ISBN: 4497-7288-740) (возрастное ограничение: 9+), [SCIENCE] [164] Роберт Мартин - "Ася" (жанр: учебник, ISBN: 2957315852879) (область науки: history), [FICTION] [166] Роберт Мартин - "Гарри Поттер и философский камень" (жанр: драма, ISBN: 3610472942160) (возрастное ограничение: 7+)]
[2025-11-29 01:02:17] [Шаг 13] ADD: [140] Джоан Роулинг - "Идиот" (жанр: драма, ISBN: 618909196-195)
[2025-11-29 01:02:17] [Шаг 14] FIND_BY_ISBN [748411583183-]: [576] Эрих Мария Ремарк - "Обломов" (жанр: учебник, ISBN: 748411583183-)
[2025-11-29 01:02:17] [Шаг 15] REMOVE: [FICTION] [1040] Роберт Мартин - "Обломов" (жанр: история, ISBN: 4497-7288-740) (возрастное ограничение: 9+)
[2025-11-29 01:02:17] [Шаг 16] FIND_INVALID_YEAR [3494]
[2025-11-29 01:02:17] [Шаг 16] Год должен быть от 0 до 2026.
[2025-11-29 01:02:17] [Шаг 17] FIND_BY_ISBN [6970446403026]: [SCIENCE] [1189] Роберт Мартин - "Обломов" (жанр: роман, ISBN: 6970446403026) (область науки: history)
[2025-11-29 01:02:17] [Шаг 18] FIND_BY_AUTHOR [Джоан Роулинг]: [[140] Джоан Роулинг - "Идиот" (жанр: драма, ISBN: 618909196-195)]
[2025-11-29 01:02:17] [Шаг 19] FIND_BY_GENRE [драма]: [[FICTION] [166] Роберт Мартин - "Гарри Поттер и философский камень" (жанр: драма, ISBN: 3610472942160) (возрастное ограничение: 7+), [FICTION] [427] Иван Тургенев - "Трудно быть богом" (жанр: драма, ISBN: 883591737250-) (возрастное ограничение: 6+), [140] Джоан Роулинг - "Идиот" (жанр: драма, ISBN: 618909196-195)]
[2025-11-29 01:02:17] [Шаг 20] FIND_BY_ISBN [618909196-195]: [140] Джоан Роулинг - "Идиот" (жанр: драма, ISBN: 618909196-195)
[2025-11-29 01:02:17] [Шаг 21] FIND_BY_ISBN [-272976060239]: [FICTION] [1359] Фёдор Достоевский - "Гарри Поттер и философский камень" (жанр: роман, ISBN: -272976060239) (возрастное ограничение: 15+)
[2025-11-29 01:02:17] [Шаг 22] FIND_BY_GENRE [роман]: [[FICTION] [1359] Фёдор Достоевский - "Гарри Поттер и философский камень" (жанр: роман, ISBN: -272976060239) (возрастное ограничение: 15+), [SCIENCE] [1189] Роберт Мартин - "Обломов" (жанр: роман, ISBN: 6970446403026) (область науки: history), [SCIENCE] [1814] Иван Тургенев - "Три товарища" (жанр: роман, ISBN: 6281182-814--) (область науки: math)]
[2025-11-29 01:02:17] [Шаг 23] FIND_BY_AUTHOR [Фёдор Достоевский]: [[FICTION] [1359] Фёдор Достоевский - "Гарри Поттер и философский камень" (жанр: роман, ISBN: -272976060239) (возрастное ограничение: 15+)]
[2025-11-29 01:02:17] [Шаг 24] FIND_BY_AUTHOR [Иван Тургенев]: [[FICTION] [427] Иван Тургенев - "Трудно быть богом" (жанр: драма, ISBN: 883591737250-) (возрастное ограничение: 6+), [SCIENCE] [1814] Иван Тургенев - "Три товарища" (жанр: роман, ISBN: 6281182-814--) (область науки: math)]
[2025-11-29 01:02:17] [Шаг 25] FIND_BY_GENRE [учебник]: [[576] Эрих Мария Ремарк - "Обломов" (жанр: учебник, ISBN: 748411583183-), [SCIENCE] [164] Роберт Мартин - "Ася" (жанр: учебник, ISBN: 2957315852879) (область науки: history), [FICTION] [1609] Александр Грибоедов - "Мастер и Маргарита" (жанр: учебник, ISBN: 611846-0600-2) (возрастное ограничение: 5+)]
[2025-11-29 01:02:17] [Шаг 26] FIND_BY_AUTHOR [Александр Грибоедов]: [[FICTION] [1609] Александр Грибоедов - "Мастер и Маргарита" (жанр: учебник, ISBN: 611846-0600-2) (возрастное ограничение: 5+)]
[2025-11-29 01:02:17] [Шаг 27] ADD: [23] Михаил Булгаков - "Гарри Поттер и философский камень" (жанр: история, ISBN: 1005447446260)
[2025-11-29 01:02:17] [Шаг 28] FIND_BY_YEAR [1814]: [[SCIENCE] [1814] Иван Тургенев - "Три товарища" (жанр: роман, ISBN: 6281182-814--) (область науки: math)]
[2025-11-29 01:02:17] [Шаг 29] FIND_INVALID_YEAR [3165]
[2025-11-29 01:02:17] [Шаг 29] Год должен быть от 0 до 2026.
[2025-11-29 01:02:17] [Шаг 30] FIND_BY_ISBN [883591737250-]: [FICTION] [427] Иван Тургенев - "Трудно быть богом" (жанр: драма, ISBN: 883591737250-) (возрастное ограничение: 6+)
[2025-11-29 01:02:17] [Шаг 31] FIND_BY_GENRE [роман]: [[FICTION] [1359] Фёдор Достоевский - "Гарри Поттер и философский камень" (жанр: роман, ISBN: -272976060239) (возрастное ограничение: 15+), [SCIENCE] [1189] Роберт Мартин - "Обломов" (жанр: роман, ISBN: 6970446403026) (область науки: history), [SCIENCE] [1814] Иван Тургенев - "Три товарища" (жанр: роман, ISBN: 6281182-814--) (область науки: math)]
[2025-11-29 01:02:17] [Шаг 32] ADD: [1789] Роберт Мартин - "Мастер и Маргарита" (жанр: учебник, ISBN: 2719776308427)
[2025-11-29 01:02:17] [Шаг 33] FIND_BY_GENRE [драма]: [[FICTION] [166] Роберт Мартин - "Гарри Поттер и философский камень" (жанр: драма, ISBN: 3610472942160) (возрастное ограничение: 7+), [FICTION] [427] Иван Тургенев - "Трудно быть богом" (жанр: драма, ISBN: 883591737250-) (возрастное ограничение: 6+), [140] Джоан Роулинг - "Идиот" (жанр: драма, ISBN: 618909196-195)]
[2025-11-29 01:02:17] [Шаг 34] FIND_INVALID_ISBN [xzxz---zy---x]
[2025-11-29 01:02:17] [Шаг 34] 'Неизвестная книга.'
[2025-11-29 01:02:17] [Шаг 35] FIND_BY_YEAR [1814]: [[SCIENCE] [1814] Иван Тургенев - "Три товарища" (жанр: роман, ISBN: 6281182-814--) (область науки: math)]
[2025-11-29 01:02:17] [Шаг 36] FIND_BY_ISBN [3610472942160]: [FICTION] [166] Роберт Мартин - "Гарри Поттер и философский камень" (жанр: драма, ISBN: 3610472942160) (возрастное ограничение: 7+)
[2025-11-29 01:02:17] [Шаг 37] ADD: [264] Аркадий Стругацкий - "Чистый код" (жанр: драма, ISBN: 8881849121091)
[2025-11-29 01:02:17] [Шаг 38] FIND_INVALID_YEAR [3431]
[2025-11-29 01:02:17] [Шаг 38] Год должен быть от 0 до 2026.
[2025-11-29 01:02:17] [Шаг 39] FIND_BY_GENRE [драма]: [[FICTION] [166] Роберт Мартин - "Гарри Поттер и философский камень" (жанр: драма, ISBN: 3610472942160) (возрастное ограничение: 7+), [FICTION] [427] Иван Тургенев - "Трудно быть богом" (жанр: драма, ISBN: 883591737250-) (возрастное ограничение: 6+), [140] Джоан Роулинг - "Идиот" (жанр: драма, ISBN: 618909196-195), [264] Аркадий Стругацкий - "Чистый код" (жанр: драма, ISBN: 8881849121091)]
[2025-11-29 01:02:17] [Шаг 40] FIND_BY_ISBN [2719776308427]: [1789] Роберт Мартин - "Мастер и Маргарита" (жанр: учебник, ISBN: 2719776308427)
[2025-11-29 01:02:17] [Шаг 41] FIND_BY_AUTHOR [Роберт Мартин]: [[FICTION] [1083] Роберт Мартин - "Мастер и Маргарита" (жанр: история, ISBN: 0983423818441) (возрастное ограничение: 13+), [SCIENCE] [1189] Роберт Мартин - "Обломов" (жанр: роман, ISBN: 6970446403026) (область науки: history), [SCIENCE] [164] Роберт Мартин - "Ася" (жанр: учебник, ISBN: 2957315852879) (область науки: history), [FICTION] [166] Роберт Мартин - "Гарри Поттер и философский камень" (жанр: драма, ISBN: 3610472942160) (возрастное ограничение: 7+), [1789] Роберт Мартин - "Мастер и Маргарита" (жанр: учебник, ISBN: 2719776308427)]
[2025-11-29 01:02:17] [Шаг 42] FIND_INVALID_YEAR [3874]
[2025-11-29 01:02:17] [Шаг 42] Год должен быть от 0 до 2026.
[2025-11-29 01:02:17] [Шаг 43] REMOVE: [1789] Роберт Мартин - "Мастер и Маргарита" (жанр: учебник, ISBN: 2719776308427)
[2025-11-29 01:02:17] [Шаг 44] FIND_INVALID_ISBN [-xzyzyz--xyz-]
[2025-11-29 01:02:17] [Шаг 44] 'Неизвестная книга.'
[2025-11-29 01:02:17] [Шаг 45] FIND_BY_ISBN [939477-895601]: [828] Аркадий Стругацкий - "Ася" (жанр: фэнтези, ISBN: 939477-895601)
[2025-11-29 01:02:17] [Шаг 46] FIND_BY_AUTHOR [Роберт Мартин]: [[FICTION] [1083] Роберт Мартин - "Мастер и Маргарита" (жанр: история, ISBN: 0983423818441) (возрастное ограничение: 13+), [SCIENCE] [1189] Роберт Мартин - "Обломов" (жанр: роман, ISBN: 6970446403026) (область науки: history), [SCIENCE] [164] Роберт Мартин - "Ася" (жанр: учебник, ISBN: 2957315852879) (область науки: history), [FICTION] [166] Роберт Мартин - "Гарри Поттер и философский камень" (жанр: драма, ISBN: 3610472942160) (возрастное ограничение: 7+)]
[2025-11-29 01:02:17] [Шаг 47] REMOVE: [FICTION] [427] Иван Тургенев - "Трудно быть богом" (жанр: драма, ISBN: 883591737250-) (возрастное ограничение: 6+)
[2025-11-29 01:02:17] [Шаг 48] FIND_INVALID_YEAR [3927]
[2025-11-29 01:02:17] [Шаг 48] Год должен быть от 0 до 2026.
[2025-11-29 01:02:17] [Шаг 49] REMOVE: [140] Джоан Роулинг - "Идиот" (жанр: драма, ISBN: 618909196-195)
[2025-11-29 01:02:17] [Шаг 50] FIND_INVALID_ISBN [--z-z--x-xzxy]
[2025-11-29 01:02:17] [Шаг 50] 'Неизвестная книга.'
[2025-11-29 01:02:17] [Шаг 51] REMOVE: [828] Аркадий Стругацкий - "Ася" (жанр: фэнтези, ISBN: 939477-895601)
[2025-11-29 01:02:17] [Шаг 52] REMOVE: [SCIENCE] [1189] Роберт Мартин - "Обломов" (жанр: роман, ISBN: 6970446403026) (область науки: history)
[2025-11-29 01:02:17] [Шаг 53] FIND_BY_AUTHOR [Аркадий Стругацкий]: [[264] Аркадий Стругацкий - "Чистый код" (жанр: драма, ISBN: 8881849121091)]
[2025-11-29 01:02:17] [Шаг 54] FIND_BY_AUTHOR [Роберт Мартин]: [[FICTION] [1083] Роберт Мартин - "Мастер и Маргарита" (жанр: история, ISBN: 0983423818441) (возрастное ограничение: 13+), [SCIENCE] [164] Роберт Мартин - "Ася" (жанр: учебник, ISBN: 2957315852879) (область науки: history), [FICTION] [166] Роберт Мартин - "Гарри Поттер и философский камень" (жанр: драма, ISBN: 3610472942160) (возрастное ограничение: 7+)]
[2025-11-29 01:02:17] [Шаг 55] FIND_BY_YEAR [164]: [[SCIENCE] [164] Роберт Мартин - "Ася" (жанр: учебник, ISBN: 2957315852879) (область науки: history)]
[2025-11-29 01:02:17] [Шаг 56] FIND_INVALID_ISBN [zxzy-y-zzxz-x]
[2025-11-29 01:02:17] [Шаг 56] 'Неизвестная книга.'
[2025-11-29 01:02:17] [Шаг 57] FIND_INVALID_ISBN [yxyx-y-yz-zzy]
[2025-11-29 01:02:17] [Шаг 57] 'Неизвестная книга.'
[2025-11-29 01:02:17] [Шаг 58] FIND_BY_YEAR [23]: [[23] Михаил Булгаков - "Гарри Поттер и философский камень" (жанр: история, ISBN: 1005447446260)]
[2025-11-29 01:02:17] [Шаг 59] FIND_BY_GENRE [роман]: [[FICTION] [1359] Фёдор Достоевский - "Гарри Поттер и философский камень" (жанр: роман, ISBN: -272976060239) (возрастное ограничение: 15+), [SCIENCE] [1814] Иван Тургенев - "Три товарища" (жанр: роман, ISBN: 6281182-814--) (область науки: math)]
[2025-11-29 01:02:17] [Шаг 60] FIND_INVALID_ISBN [yyxz-yxxxxyxx]
[2025-11-29 01:02:17] [Шаг 60] 'Неизвестная книга.'
[2025-11-29 01:02:17] [Шаг 61] FIND_BY_GENRE [учебник]: [[576] Эрих Мария Ремарк - "Обломов" (жанр: учебник, ISBN: 748411583183-), [SCIENCE] [164] Роберт Мартин - "Ася" (жанр: учебник, ISBN: 2957315852879) (область науки: history), [FICTION] [1609] Александр Грибоедов - "Мастер и Маргарита" (жанр: учебник, ISBN: 611846-0600-2) (возрастное ограничение: 5+)]
[2025-11-29 01:02:17] [Шаг 62] FIND_BY_GENRE [роман]: [[FICTION] [1359] Фёдор Достоевский - "Гарри Поттер и философский камень" (жанр: роман, ISBN: -272976060239) (возрастное ограничение: 15+), [SCIENCE] [1814] Иван Тургенев - "Три товарища" (жанр: роман, ISBN: 6281182-814--) (область науки: math)]
[2025-11-29 01:02:17] [Шаг 63] FIND_BY_GENRE [учебник]: [[576] Эрих Мария Ремарк - "Обломов" (жанр: учебник, ISBN: 748411583183-), [SCIENCE] [164] Роберт Мартин - "Ася" (жанр: учебник, ISBN: 2957315852879) (область науки: history), [FICTION] [1609] Александр Грибоедов - "Мастер и Маргарита" (жанр: учебник, ISBN: 611846-0600-2) (возрастное ограничение: 5+)]
[2025-11-29 01:02:17] [Шаг 64] FIND_BY_YEAR [1359]: [[FICTION] [1359] Фёдор Достоевский - "Гарри Поттер и философский камень" (жанр: роман, ISBN: -272976060239) (возрастное ограничение: 15+)]
[2025-11-29 01:02:17] [Шаг 65] FIND_BY_ISBN [6281182-814--]: [SCIENCE] [1814] Иван Тургенев - "Три товарища" (жанр: роман, ISBN: 6281182-814--) (область науки: math)
[2025-11-29 01:02:17] [Шаг 66] FIND_INVALID_YEAR [3758]
[2025-11-29 01:02:17] [Шаг 66] Год должен быть от 0 до 2026.
[2025-11-29 01:02:17] [Шаг 67] FIND_BY_AUTHOR [Александр Грибоедов]: [[FICTION] [1609] Александр Грибоедов - "Мастер и Маргарита" (жанр: учебник, ISBN: 611846-0600-2) (возрастное ограничение: 5+)]
[2025-11-29 01:02:17] [Шаг 68] FIND_BY_ISBN [2957315852879]: [SCIENCE] [164] Роберт Мартин - "Ася" (жанр: учебник, ISBN: 2957315852879) (область науки: history)
[2025-11-29 01:02:17] [Шаг 69] FIND_BY_ISBN [8881849121091]: [264] Аркадий Стругацкий - "Чистый код" (жанр: драма, ISBN: 8881849121091)
[2025-11-29 01:02:17] [Шаг 70] FIND_BY_YEAR [1083]: [[FICTION] [1083] Роберт Мартин - "Мастер и Маргарита" (жанр: история, ISBN: 0983423818441) (возрастное ограничение: 13+)]
[2025-11-29 01:02:17] [Шаг 71] FIND_BY_YEAR [576]: [[576] Эрих Мария Ремарк - "Обломов" (жанр: учебник, ISBN: 748411583183-)]
[2025-11-29 01:02:17] [Шаг 72] FIND_INVALID_ISBN [xx--zzxyxxy-z]
[2025-11-29 01:02:17] [Шаг 72] 'Неизвестная книга.'
[2025-11-29 01:02:17] [Шаг 73] REMOVE: [FICTION] [1083] Роберт Мартин - "Мастер и Маргарита" (жанр: история, ISBN: 0983423818441) (возрастное ограничение: 13+)
[2025-11-29 01:02:17] [Шаг 74] FIND_BY_GENRE [драма]: [[FICTION] [166] Роберт Мартин - "Гарри Поттер и философский камень" (жанр: драма, ISBN: 3610472942160) (возрастное ограничение: 7+), [264] Аркадий Стругацкий - "Чистый код" (жанр: драма, ISBN: 8881849121091)]
[2025-11-29 01:02:17] [Шаг 75] FIND_INVALID_ISBN [yy-xx-z-z-y-z]
[2025-11-29 01:02:17] [Шаг 75] 'Неизвестная книга.'
[2025-11-29 01:02:17] [Шаг 76] ADD: [FICTION] [799] Иван Тургенев - "Война и мир" (жанр: фэнтези, ISBN: 960517399-909) (возрастное ограничение: 4+)
[2025-11-29 01:02:17] [Шаг 77] FIND_INVALID_YEAR [3662]
[2025-11-29 01:02:17] [Шаг 77] Год должен быть от 0 до 2026.
[2025-11-29 01:02:17] [Шаг 78] ADD: [SCIENCE] [1587] Аркадий Стругацкий - "Идиот" (жанр: история, ISBN: 327606221-188) (область науки: chemistry)
[2025-11-29 01:02:17] [Шаг 79] FIND_INVALID_YEAR [3379]
[2025-11-29 01:02:17] [Шаг 79] Год должен быть от 0 до 2026.
[2025-11-29 01:02:17] [Шаг 80] FIND_INVALID_ISBN [--zyzz-z--zy-]
[2025-11-29 01:02:17] [Шаг 80] 'Неизвестная книга.'
[2025-11-29 01:02:17] [Шаг 81] FIND_BY_GENRE [роман]: [[FICTION] [1359] Фёдор Достоевский - "Гарри Поттер и философский камень" (жанр: роман, ISBN: -272976060239) (возрастное ограничение: 15+), [SCIENCE] [1814] Иван Тургенев - "Три товарища" (жанр: роман, ISBN: 6281182-814--) (область науки: math)]
[2025-11-29 01:02:17] [Шаг 82] FIND_BY_YEAR [23]: [[23] Михаил Булгаков - "Гарри Поттер и философский камень" (жанр: история, ISBN: 1005447446260)]
[2025-11-29 01:02:17] [Шаг 83] FIND_BY_AUTHOR [Михаил Булгаков]: [[23] Михаил Булгаков - "Гарри Поттер и философский камень" (жанр: история, ISBN: 1005447446260)]
[2025-11-29 01:02:17] [Шаг 84] FIND_BY_ISBN [3610472942160]: [FICTION] [166] Роберт Мартин - "Гарри Поттер и философский камень" (жанр: драма, ISBN: 3610472942160) (возрастное ограничение: 7+)
[2025-11-29 01:02:17] [Шаг 85] FIND_INVALID_YEAR [3676]
[2025-11-29 01:02:17] [Шаг 85] Год должен быть от 0 до 2026.
[2025-11-29 01:02:17] [Шаг 86] REMOVE: [264] Аркадий Стругацкий - "Чистый код" (жанр: драма, ISBN: 8881849121091)
[2025-11-29 01:02:17] [Шаг 87] ADD: [FICTION] [1130] Лев Толстой - "Идиот" (жанр: учебник, ISBN: 2621911145161) (возрастное ограничение: 18+)
[2025-11-29 01:02:17] [Шаг 88] FIND_BY_YEAR [1359]: [[FICTION] [1359] Фёдор Достоевский - "Гарри Поттер и философский камень" (жанр: роман, ISBN: -272976060239) (возрастное ограничение: 15+)]
[2025-11-29 01:02:17] [Шаг 89] FIND_INVALID_YEAR [3006]
[2025-11-29 01:02:17] [Шаг 89] Год должен быть от 0 до 2026.
[2025-11-29 01:02:17] [Шаг 90] REMOVE: [SCIENCE] [164] Роберт Мартин - "Ася" (жанр: учебник, ISBN: 2957315852879) (область науки: history)
[2025-11-29 01:02:17] [Шаг 91] REMOVE: [SCIENCE] [1814] Иван Тургенев - "Три товарища" (жанр: роман, ISBN: 6281182-814--) (область науки: math)
[2025-11-29 01:02:17] [Шаг 92] FIND_BY_GENRE [фэнтези]: [[FICTION] [799] Иван Тургенев - "Война и мир" (жанр: фэнтези, ISBN: 960517399-909) (возрастное ограничение: 4+)]
[2025-11-29 01:02:17] [Шаг 93] FIND_BY_YEAR [1359]: [[FICTION] [1359] Фёдор Достоевский - "Гарри Поттер и философский камень" (жанр: роман, ISBN: -272976060239) (возрастное ограничение: 15+)]
[2025-11-29 01:02:17] [Шаг 94] FIND_INVALID_ISBN [-z-xyzzyxxyzx]
[2025-11-29 01:02:17] [Шаг 94] 'Неизвестная книга.'
[2025-11-29 01:02:17] [Шаг 95] FIND_BY_YEAR [1609]: [[FICTION] [1609] Александр Грибоедов - "Мастер и Маргарита" (жанр: учебник, ISBN: 611846-0600-2) (возрастное ограничение: 5+)]
[2025-11-29 01:02:17] [Шаг 96] FIND_INVALID_YEAR [3487]
[2025-11-29 01:02:17] [Шаг 96] Год должен быть от 0 до 2026.
[2025-11-29 01:02:17] [Шаг 97] FIND_BY_ISBN [-272976060239]: [FICTION] [1359] Фёдор Достоевский - "Гарри Поттер и философский камень" (жанр: роман, ISBN: -272976060239) (возрастное ограничение: 15+)
[2025-11-29 01:02:17] [Шаг 98] FIND_INVALID_ISBN [y-zzzyxzyzz--]
[2025-11-29 01:02:17] [Шаг 98] 'Неизвестная книга.'
[2025-11-29 01:02:17] [Шаг 99] FIND_INVALID_YEAR [3213]
[2025-11-29 01:02:17] [Шаг 99] Год должен быть от 0 до 2026.
[2025-11-29 01:02:17] ИТОГ: в библиотеке 8 книг(и).
[2025-11-29 01:02:17] ==== КОНЕЦ СИМУЛЯЦИИ ====
[2025-11-29 01:07:15] [INFO] ==== СТАРТ СИМУЛЯЦИИ ====
[2025-11-29 01:07:15] [INFO] [Шаг 0] ADD: [1582] Эрих Мария Ремарк - "Три товарища" (жанр: учебник, ISBN: 6510--4676588)
[2025-11-29 01:07:15] [INFO] [Шаг 1] ADD: [SCIENCE] [241] Михаил Булгаков - "Мастер и Маргарита" (жанр: фэнтези, ISBN: 2630830767263) (область науки: biology)
[2025-11-29 01:07:15] [INFO] [Шаг 2] ADD: [893] Лев Толстой - "Обломов" (жанр: фэнтези, ISBN: 6989730041--6)
[2025-11-29 01:07:15] [INFO] [Шаг 3] ADD: [SCIENCE] [363] Лев Толстой - "Ася" (жанр: научпоп, ISBN: -2-1-16-76-87) (область науки: history)
[2025-11-29 01:07:15] [INFO] [Шаг 4] ADD: [FICTION] [807] Роберт Мартин - "Война и мир" (жанр: драма, ISBN: 91-338-7575-4) (возрастное ограничение: 10+)
[2025-11-29 01:07:15] [INFO] [Шаг 5] ADD: [SCIENCE] [1160] Эрих Мария Ремарк - "Чистый код" (жанр: роман, ISBN: 2260580247752) (область науки: chemistry)
[2025-11-29 01:07:15] [INFO] [Шаг 6] ADD: [FICTION] [519] Михаил Булгаков - "Преступление и наказание" (жанр: научпоп, ISBN: 61-9835388051) (возрастное ограничение: 4+)
[2025-11-29 01:07:15] [INFO] [Шаг 7] ADD: [1957] Фёдор Достоевский - "Обломов" (жанр: история, ISBN: 7--7050154107)
[2025-11-29 01:07:15] [INFO] [Шаг 8] ADD: [SCIENCE] [61] Лев Толстой - "Гарри Поттер и философский камень" (жанр: история, ISBN: 5512933616-13) (область науки: chemistry)
[2025-11-29 01:07:15] [INFO] [Шаг 9] ADD: [FICTION] [477] Иван Тургенев - "Чистый код" (жанр: фантастика, ISBN: 4-03896667-31) (возрастное ограничение: 8+)
[2025-11-29 01:07:15] [INFO] [Шаг 10] ADD: [SCIENCE] [1373] Александр Грибоедов - "Три товарища" (жанр: драма, ISBN: 6067021287944) (область науки: economics)
[2025-11-29 01:07:15] [ERROR] [Шаг 11] FIND_INVALID_YEAR [3568]
[2025-11-29 01:07:15] [ERROR] [Шаг 11] Год должен быть от 0 до 2026.
[2025-11-29 01:07:15] [INFO] [Шаг 12] ADD: [FICTION] [1085] Лев Толстой - "Трудно быть богом" (жанр: фантастика, ISBN: 7536669666012) (возрастное ограничение: 3+)
[2025-11-29 01:07:15] [INFO] [Шаг 13] FIND_BY_AUTHOR [Александр Грибоедов]: [[SCIENCE] [1373] Александр Грибоедов - "Три товарища" (жанр: драма, ISBN: 6067021287944) (область науки: economics)]
[2025-11-29 01:07:15] [ERROR] [Шаг 14] FIND_INVALID_YEAR [3630]
[2025-11-29 01:07:15] [ERROR] [Шаг 14] Год должен быть от 0 до 2026.
[2025-11-29 01:07:15] [INFO] [Шаг 15] ADD: [199] Фёдор Достоевский - "Гарри Поттер и философский камень" (жанр: фантастика, ISBN: 72876946-4895)
[2025-11-29 01:07:15] [INFO] [Шаг 16] ADD: [FICTION] [898] Джоан Роулинг - "Чистый код" (жанр: роман, ISBN: 69666459095-1) (возрастное ограничение: 4+)
[2025-11-29 01:07:15] [INFO] [Шаг 17] FIND_BY_GENRE [драма]: [[FICTION] [807] Роберт Мартин - "Война и мир" (жанр: драма, ISBN: 91-338-7575-4) (возрастное ограничение: 10+), [SCIENCE] [1373] Александр Грибоедов - "Три товарища" (жанр: драма, ISBN: 6067021287944) (область науки: economics)]
[2025-11-29 01:07:15] [ERROR] [Шаг 18] FIND_INVALID_YEAR [3256]
[2025-11-29 01:07:15] [ERROR] [Шаг 18] Год должен быть от 0 до 2026.
[2025-11-29 01:07:15] [INFO] [Шаг 19] REMOVE: [199] Фёдор Достоевский - "Гарри Поттер и философский камень" (жанр: фантастика, ISBN: 72876946-4895)
[2025-11-29 01:07:15] [INFO] ИТОГ: в библиотеке 13 книг(и).
[2025-11-29 01:07:15] [INFO] ==== КОНЕЦ СИМУЛЯЦИИ ====
[2025-11-29 01:16:31] [INFO] ==== СТАРТ СИМУЛЯЦИИ ====
[2025-11-29 01:16:31] [INFO] [Шаг 0] ADD: [FICTION] [1428] Джоан Роулинг - "Три товарища" (жанр: драма, ISBN: 4098254550-93) (возрастное ограничение: 3+)
[2025-11-29 01:16:31] [INFO] [Шаг 1] FIND_BY_ISBN [4098254550-93]: [FICTION] [1428] Джоан Роулинг - "Три товарища" (жанр: драма, ISBN: 4098254550-93) (возрастное ограничение: 3+)
[2025-11-29 01:16:31] [INFO] [Шаг 2] ADD: [SCIENCE] [1369] Лев Толстой - "Обломов" (жанр: фантастика, ISBN: 27-6025135871) (область науки: biology)
[2025-11-29 01:16:31] [INFO] [Шаг 3] FIND_BY_GENRE [фантастика]: [[SCIENCE] [1369] Лев Толстой - "Обломов" (жанр: фантастика, ISBN: 27-6025135871) (область науки: biology)]
[2025-11-29 01:16:31] [INFO] [Шаг 4] FIND_BY_ISBN [4098254550-93]: [FICTION] [1428] Джоан Роулинг - "Три товарища" (жанр: драма, ISBN: 4098254550-93) (возрастное ограничение: 3+)
[2025-11-29 01:16:31] [INFO] [Шаг 5] REMOVE: [FICTION] [1428] Джоан Роулинг - "Три товарища" (жанр: драма, ISBN: 4098254550-93) (возрастное ограничение: 3+)
[2025-11-29 01:16:31] [ERROR] [Шаг 6] FIND_INVALID_ISBN [-y-x-x-yy-zy-]
[2025-11-29 01:16:31] [ERROR] [Шаг 6] 'Неизвестная книга.'
[2025-11-29 01:16:31] [INFO] [Шаг 7] FIND_BY_GENRE [фантастика]: [[SCIENCE] [1369] Лев Толстой - "Обломов" (жанр: фантастика, ISBN: 27-6025135871) (область науки: biology)]
[2025-11-29 01:16:31] [INFO] [Шаг 8] FIND_BY_GENRE [фантастика]: [[SCIENCE] [1369] Лев Толстой - "Обломов" (жанр: фантастика, ISBN: 27-6025135871) (область науки: biology)]
[2025-11-29 01:16:31] [INFO] [Шаг 9] FIND_BY_ISBN [27-6025135871]: [SCIENCE] [1369] Лев Толстой - "Обломов" (жанр: фантастика, ISBN: 27-6025135871) (область науки: biology)
[2025-11-29 01:16:31] [INFO] [Шаг 10] ADD: [SCIENCE] [191] Джоан Роулинг - "Три товарища" (жанр: история, ISBN: -4765592-7082) (область науки: biology)
[2025-11-29 01:16:31] [INFO] [Шаг 11] FIND_BY_AUTHOR [Лев Толстой]: [[SCIENCE] [1369] Лев Толстой - "Обломов" (жанр: фантастика, ISBN: 27-6025135871) (область науки: biology)]
[2025-11-29 01:16:31] [INFO] [Шаг 12] ADD: [FICTION] [1651] Эрих Мария Ремарк - "Ася" (жанр: роман, ISBN: 859-5-5-509-2) (возрастное ограничение: 6+)
[2025-11-29 01:16:31] [ERROR] [Шаг 13] FIND_INVALID_YEAR [3932]
[2025-11-29 01:16:31] [ERROR] [Шаг 13] Год должен быть от 0 до 2026.
[2025-11-29 01:16:31] [INFO] [Шаг 14] FIND_BY_GENRE [фантастика]: [[SCIENCE] [1369] Лев Толстой - "Обломов" (жанр: фантастика, ISBN: 27-6025135871) (область науки: biology)]
[2025-11-29 01:16:31] [INFO] [Шаг 15] FIND_BY_ISBN [-4765592-7082]: [SCIENCE] [191] Джоан Роулинг - "Три товарища" (жанр: история, ISBN: -4765592-7082) (область науки: biology)
[2025-11-29 01:16:31] [INFO] [Шаг 16] FIND_BY_AUTHOR [Эрих Мария Ремарк]: [[FICTION] [1651] Эрих Мария Ремарк - "Ася" (жанр: роман, ISBN: 859-5-5-509-2) (возрастное ограничение: 6+)]
[2025-11-29 01:16:31] [INFO] [Шаг 17] REMOVE: [SCIENCE] [191] Джоан Роулинг - "Три товарища" (жанр: история, ISBN: -4765592-7082) (область науки: biology)
[2025-11-29 01:16:31] [ERROR] [Шаг 18] FIND_INVALID_YEAR [3118]
[2025-11-29 01:16:31] [ERROR] [Шаг 18] Год должен быть от 0 до 2026.
[2025-11-29 01:16:31] [ERROR] [Шаг 19] FIND_INVALID_ISBN [zzxxx-zy-z-xx]
[2025-11-29 01:16:31] [ERROR] [Шаг 19] 'Неизвестная книга.'
[2025-11-29 01:16:31] [INFO] ИТОГ: в библиотеке 2 книг(и).
[2025-11-29 01:16:31] [INFO] ==== КОНЕЦ СИМУЛЯЦИИ ====
